<?xml version="1.0" encoding="UTF-8"?>
<!-- Generated by org.testng.reporters.JUnitReportReporter -->
<testsuite name="com.saucelabs.Tests.FourPlusFourTest" tests="2" time="145.434" ignored="0" failures="0" timestamp="09 Apr 2018 12:13:55 GMT" skipped="0" hostname="Jay-Epps-SL0200.frontierlocal.net" errors="0">
  <testcase name="fourPlusFourOperation" time="71.370" classname="com.saucelabs.Tests.FourPlusFourTest"/>
  <testcase name="fourPlusFourOperation" time="74.064" classname="com.saucelabs.Tests.FourPlusFourTest"/>
</testsuite> <!-- com.saucelabs.Tests.FourPlusFourTest -->
