<?xml version="1.0" encoding="UTF-8"?>
<!-- Generated by org.testng.reporters.JUnitReportReporter -->
<testsuite name="com.saucelabs.Tests.SixPlusFourTest" tests="2" time="218.590" ignored="0" failures="0" timestamp="09 Apr 2018 12:13:54 GMT" skipped="0" hostname="Jay-Epps-SL0200.frontierlocal.net" errors="2">
  <testcase name="sixPlusFourOperation" time="108.721" classname="com.saucelabs.Tests.SixPlusFourTest">
    <error type="org.openqa.selenium.TimeoutException" message="Timed out after 30 seconds waiting for text (&#039;6&#039;) to be present in element [[AndroidDriver:  on LINUX (178a78500c4043afb322c3e8a63e1259)] -&gt; xpath: //android.widget.EditText[1]]
Build info: version: &#039;2.53.1&#039;, revision: &#039;a36b8b1cd5757287168e54b817830adce9b0158d&#039;, time: &#039;2016-06-30 19:26:09&#039;
System info: host: &#039;Jay-Epps-SL0200.frontierlocal.net&#039;, ip: &#039;192.168.1.101&#039;, os.name: &#039;Mac OS X&#039;, os.arch: &#039;x86_64&#039;, os.version: &#039;10.13.3&#039;, java.version: &#039;1.8.0_102&#039;
Driver info: io.appium.java_client.android.AndroidDriver
Capabilities [{appPackage=net.ludeke.calculator, noReset=true, webdriver.remote.quietExceptions=false, deviceName=emulator-5554, platform=LINUX, deviceUDID=emulator-5554, desired={app=/tmp/tmpJeC43Y/test.apk, orientation=PORTRAIT, noReset=true, webdriver.remote.quietExceptions=false, deviceName=Samsung Galaxy S8 Plus GoogleAPI Emulator, proxy={proxyAutoconfigUrl=http://127.0.0.1:19876/pac.js, proxyType=PAC}, maxTypingFrequency=8, newCommandTimeout=0, platformVersion=7.1, browserName=, udid=emulator-5554, platformName=Android, eventTimings=true}, maxTypingFrequency=8, newCommandTimeout=0, platformVersion=7.1.1, webStorageEnabled=false, takesScreenshot=true, browserName=, javascriptEnabled=true, deviceManufacturer=unknown, platformName=Android, udid=emulator-5554, events={commands=[]}, app=/tmp/tmpJeC43Y/test.apk, deviceScreenSize=1440x2960, orientation=PORTRAIT, networkConnectionEnabled=true, warnings={}, appWaitPackage=net.ludeke.calculator, appWaitActivity=com.android.calculator2.Calculator, hasMetadata=true, databaseEnabled=false, appActivity=com.android.calculator2.Calculator, proxy={proxyAutoconfigUrl=http://127.0.0.1:19876/pac.js, proxyType=PAC}, webdriver.remote.sessionid=178a78500c4043afb322c3e8a63e1259, locationContextEnabled=false, deviceModel=Android SDK built for x86_64, eventTimings=true}]
Session ID: 178a78500c4043afb322c3e8a63e1259">
      <![CDATA[org.openqa.selenium.TimeoutException: Timed out after 30 seconds waiting for text ('6') to be present in element [[AndroidDriver:  on LINUX (178a78500c4043afb322c3e8a63e1259)] -> xpath: //android.widget.EditText[1]]
Build info: version: '2.53.1', revision: 'a36b8b1cd5757287168e54b817830adce9b0158d', time: '2016-06-30 19:26:09'
System info: host: 'Jay-Epps-SL0200.frontierlocal.net', ip: '192.168.1.101', os.name: 'Mac OS X', os.arch: 'x86_64', os.version: '10.13.3', java.version: '1.8.0_102'
Driver info: io.appium.java_client.android.AndroidDriver
Capabilities [{appPackage=net.ludeke.calculator, noReset=true, webdriver.remote.quietExceptions=false, deviceName=emulator-5554, platform=LINUX, deviceUDID=emulator-5554, desired={app=/tmp/tmpJeC43Y/test.apk, orientation=PORTRAIT, noReset=true, webdriver.remote.quietExceptions=false, deviceName=Samsung Galaxy S8 Plus GoogleAPI Emulator, proxy={proxyAutoconfigUrl=http://127.0.0.1:19876/pac.js, proxyType=PAC}, maxTypingFrequency=8, newCommandTimeout=0, platformVersion=7.1, browserName=, udid=emulator-5554, platformName=Android, eventTimings=true}, maxTypingFrequency=8, newCommandTimeout=0, platformVersion=7.1.1, webStorageEnabled=false, takesScreenshot=true, browserName=, javascriptEnabled=true, deviceManufacturer=unknown, platformName=Android, udid=emulator-5554, events={commands=[]}, app=/tmp/tmpJeC43Y/test.apk, deviceScreenSize=1440x2960, orientation=PORTRAIT, networkConnectionEnabled=true, warnings={}, appWaitPackage=net.ludeke.calculator, appWaitActivity=com.android.calculator2.Calculator, hasMetadata=true, databaseEnabled=false, appActivity=com.android.calculator2.Calculator, proxy={proxyAutoconfigUrl=http://127.0.0.1:19876/pac.js, proxyType=PAC}, webdriver.remote.sessionid=178a78500c4043afb322c3e8a63e1259, locationContextEnabled=false, deviceModel=Android SDK built for x86_64, eventTimings=true}]
Session ID: 178a78500c4043afb322c3e8a63e1259
	at org.openqa.selenium.support.ui.WebDriverWait.timeoutException(WebDriverWait.java:80)
	at org.openqa.selenium.support.ui.FluentWait.until(FluentWait.java:261)
	at com.saucelabs.Tests.SixPlusFourTest.sixPlusFourOperation(SixPlusFourTest.java:43)
	at sun.reflect.NativeMethodAccessorImpl.invoke0(Native Method)
	at sun.reflect.NativeMethodAccessorImpl.invoke(NativeMethodAccessorImpl.java:62)
	at sun.reflect.DelegatingMethodAccessorImpl.invoke(DelegatingMethodAccessorImpl.java:43)
	at java.lang.reflect.Method.invoke(Method.java:498)
	at org.testng.internal.MethodInvocationHelper.invokeMethod(MethodInvocationHelper.java:104)
	at org.testng.internal.Invoker.invokeMethod(Invoker.java:645)
	at org.testng.internal.Invoker.invokeTestMethod(Invoker.java:851)
	at org.testng.internal.TestMethodWithDataProviderMethodWorker.call(TestMethodWithDataProviderMethodWorker.java:75)
	at org.testng.internal.TestMethodWithDataProviderMethodWorker.call(TestMethodWithDataProviderMethodWorker.java:14)
	at java.util.concurrent.FutureTask.run(FutureTask.java:266)
	at java.util.concurrent.Executors$RunnableAdapter.call(Executors.java:511)
	at java.util.concurrent.FutureTask.run(FutureTask.java:266)
	at java.util.concurrent.ThreadPoolExecutor.runWorker(ThreadPoolExecutor.java:1142)
	at java.util.concurrent.ThreadPoolExecutor$Worker.run(ThreadPoolExecutor.java:617)
	at java.lang.Thread.run(Thread.java:745)
]]>
    </error>
  </testcase> <!-- sixPlusFourOperation -->
  <testcase name="sixPlusFourOperation" time="109.869" classname="com.saucelabs.Tests.SixPlusFourTest">
    <error type="org.openqa.selenium.TimeoutException" message="Timed out after 30 seconds waiting for text (&#039;6&#039;) to be present in element [[AndroidDriver:  on LINUX (ecd97611a90049408ed754b7cedb85ca)] -&gt; xpath: //android.widget.EditText[1]]
Build info: version: &#039;2.53.1&#039;, revision: &#039;a36b8b1cd5757287168e54b817830adce9b0158d&#039;, time: &#039;2016-06-30 19:26:09&#039;
System info: host: &#039;Jay-Epps-SL0200.frontierlocal.net&#039;, ip: &#039;192.168.1.101&#039;, os.name: &#039;Mac OS X&#039;, os.arch: &#039;x86_64&#039;, os.version: &#039;10.13.3&#039;, java.version: &#039;1.8.0_102&#039;
Driver info: io.appium.java_client.android.AndroidDriver
Capabilities [{appPackage=net.ludeke.calculator, noReset=true, webdriver.remote.quietExceptions=false, deviceName=emulator-5554, platform=LINUX, deviceUDID=emulator-5554, desired={app=/tmp/tmptJT_0P/test.apk, orientation=PORTRAIT, noReset=true, webdriver.remote.quietExceptions=false, deviceName=Samsung Galaxy S7 GoogleAPI Emulator, proxy={proxyAutoconfigUrl=http://127.0.0.1:19876/pac.js, proxyType=PAC}, maxTypingFrequency=8, newCommandTimeout=0, platformVersion=7.1, browserName=, udid=emulator-5554, platformName=Android, eventTimings=true}, maxTypingFrequency=8, newCommandTimeout=0, platformVersion=7.1.1, webStorageEnabled=false, takesScreenshot=true, browserName=, javascriptEnabled=true, deviceManufacturer=unknown, platformName=Android, udid=emulator-5554, events={commands=[]}, app=/tmp/tmptJT_0P/test.apk, deviceScreenSize=1440x2560, orientation=PORTRAIT, networkConnectionEnabled=true, warnings={}, appWaitPackage=net.ludeke.calculator, appWaitActivity=com.android.calculator2.Calculator, hasMetadata=true, databaseEnabled=false, appActivity=com.android.calculator2.Calculator, proxy={proxyAutoconfigUrl=http://127.0.0.1:19876/pac.js, proxyType=PAC}, webdriver.remote.sessionid=ecd97611a90049408ed754b7cedb85ca, locationContextEnabled=false, deviceModel=Android SDK built for x86_64, eventTimings=true}]
Session ID: ecd97611a90049408ed754b7cedb85ca">
      <![CDATA[org.openqa.selenium.TimeoutException: Timed out after 30 seconds waiting for text ('6') to be present in element [[AndroidDriver:  on LINUX (ecd97611a90049408ed754b7cedb85ca)] -> xpath: //android.widget.EditText[1]]
Build info: version: '2.53.1', revision: 'a36b8b1cd5757287168e54b817830adce9b0158d', time: '2016-06-30 19:26:09'
System info: host: 'Jay-Epps-SL0200.frontierlocal.net', ip: '192.168.1.101', os.name: 'Mac OS X', os.arch: 'x86_64', os.version: '10.13.3', java.version: '1.8.0_102'
Driver info: io.appium.java_client.android.AndroidDriver
Capabilities [{appPackage=net.ludeke.calculator, noReset=true, webdriver.remote.quietExceptions=false, deviceName=emulator-5554, platform=LINUX, deviceUDID=emulator-5554, desired={app=/tmp/tmptJT_0P/test.apk, orientation=PORTRAIT, noReset=true, webdriver.remote.quietExceptions=false, deviceName=Samsung Galaxy S7 GoogleAPI Emulator, proxy={proxyAutoconfigUrl=http://127.0.0.1:19876/pac.js, proxyType=PAC}, maxTypingFrequency=8, newCommandTimeout=0, platformVersion=7.1, browserName=, udid=emulator-5554, platformName=Android, eventTimings=true}, maxTypingFrequency=8, newCommandTimeout=0, platformVersion=7.1.1, webStorageEnabled=false, takesScreenshot=true, browserName=, javascriptEnabled=true, deviceManufacturer=unknown, platformName=Android, udid=emulator-5554, events={commands=[]}, app=/tmp/tmptJT_0P/test.apk, deviceScreenSize=1440x2560, orientation=PORTRAIT, networkConnectionEnabled=true, warnings={}, appWaitPackage=net.ludeke.calculator, appWaitActivity=com.android.calculator2.Calculator, hasMetadata=true, databaseEnabled=false, appActivity=com.android.calculator2.Calculator, proxy={proxyAutoconfigUrl=http://127.0.0.1:19876/pac.js, proxyType=PAC}, webdriver.remote.sessionid=ecd97611a90049408ed754b7cedb85ca, locationContextEnabled=false, deviceModel=Android SDK built for x86_64, eventTimings=true}]
Session ID: ecd97611a90049408ed754b7cedb85ca
	at org.openqa.selenium.support.ui.WebDriverWait.timeoutException(WebDriverWait.java:80)
	at org.openqa.selenium.support.ui.FluentWait.until(FluentWait.java:261)
	at com.saucelabs.Tests.SixPlusFourTest.sixPlusFourOperation(SixPlusFourTest.java:43)
	at sun.reflect.NativeMethodAccessorImpl.invoke0(Native Method)
	at sun.reflect.NativeMethodAccessorImpl.invoke(NativeMethodAccessorImpl.java:62)
	at sun.reflect.DelegatingMethodAccessorImpl.invoke(DelegatingMethodAccessorImpl.java:43)
	at java.lang.reflect.Method.invoke(Method.java:498)
	at org.testng.internal.MethodInvocationHelper.invokeMethod(MethodInvocationHelper.java:104)
	at org.testng.internal.Invoker.invokeMethod(Invoker.java:645)
	at org.testng.internal.Invoker.invokeTestMethod(Invoker.java:851)
	at org.testng.internal.TestMethodWithDataProviderMethodWorker.call(TestMethodWithDataProviderMethodWorker.java:75)
	at org.testng.internal.TestMethodWithDataProviderMethodWorker.call(TestMethodWithDataProviderMethodWorker.java:14)
	at java.util.concurrent.FutureTask.run(FutureTask.java:266)
	at java.util.concurrent.Executors$RunnableAdapter.call(Executors.java:511)
	at java.util.concurrent.FutureTask.run(FutureTask.java:266)
	at java.util.concurrent.ThreadPoolExecutor.runWorker(ThreadPoolExecutor.java:1142)
	at java.util.concurrent.ThreadPoolExecutor$Worker.run(ThreadPoolExecutor.java:617)
	at java.lang.Thread.run(Thread.java:745)
]]>
    </error>
  </testcase> <!-- sixPlusFourOperation -->
</testsuite> <!-- com.saucelabs.Tests.SixPlusFourTest -->
