<?xml version="1.0" encoding="UTF-8"?>
<!-- Generated by org.testng.reporters.JUnitReportReporter -->
<testsuite name="com.saucelabs.Tests.LongTest" tests="5" time="563.721" ignored="0" failures="0" timestamp="10 Apr 2018 14:17:49 GMT" skipped="0" hostname="Jay-Epps-SL0200.frontierlocal.net" errors="0">
  <testcase name="longTest" time="115.435" classname="com.saucelabs.Tests.LongTest"/>
  <testcase name="longTest" time="109.858" classname="com.saucelabs.Tests.LongTest"/>
  <testcase name="longTest" time="111.169" classname="com.saucelabs.Tests.LongTest"/>
  <testcase name="longTest" time="111.140" classname="com.saucelabs.Tests.LongTest"/>
  <testcase name="longTest" time="116.119" classname="com.saucelabs.Tests.LongTest"/>
</testsuite> <!-- com.saucelabs.Tests.LongTest -->
