<?xml version="1.0" encoding="UTF-8"?>
<!-- Generated by org.testng.reporters.JUnitReportReporter -->
<testsuite name="com.saucelabs.Tests.TwoPlusTwoTest" tests="5" time="368.439" ignored="0" failures="0" timestamp="10 Apr 2018 14:17:49 GMT" skipped="0" hostname="Jay-Epps-SL0200.frontierlocal.net" errors="0">
  <testcase name="twoPlusTwoOperation" time="68.872" classname="com.saucelabs.Tests.TwoPlusTwoTest"/>
  <testcase name="twoPlusTwoOperation" time="78.693" classname="com.saucelabs.Tests.TwoPlusTwoTest"/>
  <testcase name="twoPlusTwoOperation" time="70.035" classname="com.saucelabs.Tests.TwoPlusTwoTest"/>
  <testcase name="twoPlusTwoOperation" time="73.029" classname="com.saucelabs.Tests.TwoPlusTwoTest"/>
  <testcase name="twoPlusTwoOperation" time="77.810" classname="com.saucelabs.Tests.TwoPlusTwoTest"/>
</testsuite> <!-- com.saucelabs.Tests.TwoPlusTwoTest -->
