<?xml version="1.0" encoding="UTF-8"?>
<!-- Generated by org.testng.reporters.JUnitReportReporter -->
<testsuite name="com.saucelabs.Tests.TwoPlusFourTest" tests="2" time="151.817" ignored="0" failures="0" timestamp="09 Apr 2018 12:13:54 GMT" skipped="0" hostname="Jay-Epps-SL0200.frontierlocal.net" errors="0">
  <testcase name="twoPlusFourOperation" time="76.003" classname="com.saucelabs.Tests.TwoPlusFourTest"/>
  <testcase name="twoPlusFourOperation" time="75.814" classname="com.saucelabs.Tests.TwoPlusFourTest"/>
</testsuite> <!-- com.saucelabs.Tests.TwoPlusFourTest -->
