<?xml version="1.0" encoding="UTF-8"?>
<!-- Generated by org.testng.reporters.JUnitReportReporter -->
<testsuite name="com.saucelabs.Tests.LongTest" tests="5" time="598.337" ignored="0" failures="0" timestamp="27 Apr 2018 19:28:10 GMT" skipped="0" hostname="Jay-Epps-SL0200.frontierlocal.net" errors="0">
  <testcase name="longTest" time="120.657" classname="com.saucelabs.Tests.LongTest"/>
  <testcase name="longTest" time="116.250" classname="com.saucelabs.Tests.LongTest"/>
  <testcase name="longTest" time="123.240" classname="com.saucelabs.Tests.LongTest"/>
  <testcase name="longTest" time="116.389" classname="com.saucelabs.Tests.LongTest"/>
  <testcase name="longTest" time="121.801" classname="com.saucelabs.Tests.LongTest"/>
</testsuite> <!-- com.saucelabs.Tests.LongTest -->
