<?xml version="1.0" encoding="UTF-8"?>
<!-- Generated by org.testng.reporters.JUnitReportReporter -->
<testsuite name="com.saucelabs.Tests.TwoPlusTwoTest" tests="5" time="373.209" ignored="0" failures="0" timestamp="27 Apr 2018 19:28:10 GMT" skipped="0" hostname="Jay-Epps-SL0200.frontierlocal.net" errors="0">
  <testcase name="twoPlusTwoOperation" time="75.596" classname="com.saucelabs.Tests.TwoPlusTwoTest"/>
  <testcase name="twoPlusTwoOperation" time="74.394" classname="com.saucelabs.Tests.TwoPlusTwoTest"/>
  <testcase name="twoPlusTwoOperation" time="75.626" classname="com.saucelabs.Tests.TwoPlusTwoTest"/>
  <testcase name="twoPlusTwoOperation" time="73.197" classname="com.saucelabs.Tests.TwoPlusTwoTest"/>
  <testcase name="twoPlusTwoOperation" time="74.396" classname="com.saucelabs.Tests.TwoPlusTwoTest"/>
</testsuite> <!-- com.saucelabs.Tests.TwoPlusTwoTest -->
